<?xml version="1.0" encoding="UTF-8"?>
<!-- Generated by org.testng.reporters.JUnitReportReporter -->
<testsuite hostname="DESKTOP-N6KKGVO" failures="0" tests="2" name="testng.NewTest" time="0.015" errors="0" timestamp="2022-07-18T12:31:32 IST" skipped="0">
  <testcase classname="testng.NewTest" name="f" time="0.005"/>
  <system-out/>
  <testcase classname="testng.NewTest" name="b" time="0.010"/>
  <system-out/>
</testsuite> <!-- testng.NewTest -->
